<?xml version="1.0" encoding="UTF-8"?>
<!-- Generated by org.testng.reporters.JUnitReportReporter -->
<testsuite hostname="DESKTOP-OVMT1C2" failures="0" tests="1" name="apiChaining.EndToEndTest" time="15.101" errors="0" timestamp="05 Jun 2022 06:35:57 GMT" skipped="0">
  <testcase classname="apiChaining.EndToEndTest" name="test1" time="15.101"/>
</testsuite> <!-- apiChaining.EndToEndTest -->
